<?xml version="1.0" encoding="UTF-8"?>
<testng-results skipped="0" failed="0" total="1" passed="1">
  <reporter-output>
  </reporter-output>
  <suite name="Suite" duration-ms="81244" started-at="2018-11-01T13:38:10Z" finished-at="2018-11-01T13:39:31Z">
    <groups>
    </groups>
    <test name="Test" duration-ms="81244" started-at="2018-11-01T13:38:10Z" finished-at="2018-11-01T13:39:31Z">
      <class name="tests.NewTest">
        <test-method status="PASS" signature="beforeClass()[pri:0, instance:tests.NewTest@c0663d]" name="beforeClass" is-config="true" duration-ms="18827" started-at="2018-11-01T13:38:10Z" finished-at="2018-11-01T13:38:29Z">
        </test-method>
        <test-method status="PASS" signature="openMyBlog()[pri:0, instance:tests.NewTest@c0663d]" name="openMyBlog" duration-ms="54157" started-at="2018-11-01T13:38:29Z" finished-at="2018-11-01T13:39:23Z">
        </test-method>
        <test-method status="PASS" signature="afterClass()[pri:0, instance:tests.NewTest@c0663d]" name="afterClass" is-config="true" duration-ms="8164" started-at="2018-11-01T13:39:23Z" finished-at="2018-11-01T13:39:31Z">
        </test-method>
      </class>
    </test>
  </suite>
</testng-results>
